<?xml version="1.0" encoding="UTF-8"?>
<beans xmlns="http://www.springframework.org/schema/beans"
       xmlns:xsi="http://www.w3.org/2001/XMLSchema-instance"
       xsi:schemaLocation="http://www.springframework.org/schema/beans
		http://www.springframework.org/schema/beans/spring-beans-3.0.xsd">
	
	<import resource="classpath*:config/rbooking-core-context.xml"/>
	<import resource="classpath*:/edu/unh/rbooking/teletrol-ws-Context.xml"/>
	<import resource="classpath*:/edu/unh.rbooking/**/rbooking-ws-*-Context.xml"/>
    
</beans>